[2025-06-07 21:13:30] User: hello
[2025-06-07 21:13:30] Bot: Hi there! How can I help you today?
--------------------------------------------------
[2025-06-07 21:13:52] User: naam
[2025-06-07 21:13:52] Bot: Naam me kya rakha hai
--------------------------------------------------
[2025-06-07 21:16:09] User: sanjna
[2025-06-07 21:16:09] Bot: JAIIB CAIIB PROMOTION FAIL INSAAN iska naam hi q leliya
--------------------------------------------------
[2025-06-07 21:18:01] User: naam
[2025-06-07 21:18:01] Bot: Naam me kya rakha hai
--------------------------------------------------
[2025-06-07 21:18:28] User: sanjna
[2025-06-07 21:18:28] Bot: JAIIB CAIIB PROMOTION FAIL INSAAN iska naam hi q leliya
--------------------------------------------------
[2025-06-07 21:18:42] User: sayan
[2025-06-07 21:18:42] Bot: Are you asking about banrakas, if yes then please quit i can't talk?
--------------------------------------------------
[2025-06-07 21:20:07] User: naam
[2025-06-07 21:20:07] Bot: Naam me kya rakha hai
--------------------------------------------------
[2025-06-07 21:24:23] User: jascksa
[2025-06-07 21:24:23] Bot: I'm sorry, I don't understand. Can you please rephrase that?
--------------------------------------------------
[2025-06-07 21:24:26] User: name
[2025-06-07 21:24:26] Bot: I'm sorry, I don't understand. Can you please rephrase that?
--------------------------------------------------
[2025-06-07 21:24:28] User: naam
[2025-06-07 21:24:28] Bot: Naam me kya rakha hai
--------------------------------------------------
